<?xml version="1.0" encoding="UTF-8"?>
<coverage generated="1775321195422" clover="3.2.0">
  <project timestamp="1775321195422" name="All files">
    <metrics statements="9" coveredstatements="9" conditionals="4" coveredconditionals="4" methods="1" coveredmethods="1" elements="14" coveredelements="14" complexity="0" loc="9" ncloc="9" packages="1" files="1" classes="1"/>
    <file name="ArrayChunking.js" path="C:\CODE\The-New-JavaScript-Playground\ArrayChunking\ArrayChunking.js">
      <metrics statements="9" coveredstatements="9" conditionals="4" coveredconditionals="4" methods="1" coveredmethods="1"/>
      <line num="1" count="1" type="stmt"/>
      <line num="2" count="2" type="stmt"/>
      <line num="4" count="2" type="stmt"/>
      <line num="5" count="8" type="stmt"/>
      <line num="7" count="8" type="cond" truecount="4" falsecount="0"/>
      <line num="8" count="4" type="stmt"/>
      <line num="10" count="4" type="stmt"/>
      <line num="14" count="2" type="stmt"/>
      <line num="17" count="1" type="stmt"/>
    </file>
  </project>
</coverage>
