{"C:\\CODE\\The-New-JavaScript-Playground\\ArrayChunking\\ArrayChunking.js": {"path":"C:\\CODE\\The-New-JavaScript-Playground\\ArrayChunking\\ArrayChunking.js","statementMap":{"0":{"start":{"line":1,"column":14},"end":{"line":15,"column":1}},"1":{"start":{"line":2,"column":18},"end":{"line":2,"column":20}},"2":{"start":{"line":4,"column":2},"end":{"line":12,"column":3}},"3":{"start":{"line":5,"column":17},"end":{"line":5,"column":44}},"4":{"start":{"line":7,"column":4},"end":{"line":11,"column":5}},"5":{"start":{"line":8,"column":6},"end":{"line":8,"column":30}},"6":{"start":{"line":10,"column":6},"end":{"line":10,"column":25}},"7":{"start":{"line":14,"column":2},"end":{"line":14,"column":17}},"8":{"start":{"line":17,"column":0},"end":{"line":17,"column":23}}},"fnMap":{"0":{"name":"(anonymous_0)","decl":{"start":{"line":1,"column":14},"end":{"line":1,"column":15}},"loc":{"start":{"line":1,"column":31},"end":{"line":15,"column":1}},"line":1}},"branchMap":{"0":{"loc":{"start":{"line":7,"column":4},"end":{"line":11,"column":5}},"type":"if","locations":[{"start":{"line":7,"column":4},"end":{"line":11,"column":5}},{"start":{"line":9,"column":11},"end":{"line":11,"column":5}}],"line":7},"1":{"loc":{"start":{"line":7,"column":8},"end":{"line":7,"column":37}},"type":"binary-expr","locations":[{"start":{"line":7,"column":8},"end":{"line":7,"column":13}},{"start":{"line":7,"column":17},"end":{"line":7,"column":37}}],"line":7}},"s":{"0":1,"1":2,"2":2,"3":8,"4":8,"5":4,"6":4,"7":2,"8":1},"f":{"0":2},"b":{"0":[4,4],"1":[8,6]},"_coverageSchema":"1a1c01bbd47fc00a2c39e90264f33305004495a9","hash":"555170024c97596cd0c05dc35fdb9338d921a0ed"}
}
